(demand-forecasting-py3.10) PS C:\[...]\demand-forecasting> $env:DATABASE="FOOD"; $env:FREQUENCY="WEEKLY"; kedro run
[06/13/24 10:38:12] INFO     Kedro project demand-forecasting                                                                                          session.py:324
[06/13/24 10:38:33] INFO     Using synchronous mode for loading and saving data. Use the --async flag for potential performance gains.        sequential_runner.py:64
                             https://docs.kedro.org/en/stable/nodes_and_pipelines/run_a_pipeline.html#load-and-save-asynchronously
                    INFO     Loading data from raw_data (CSVDataset)...                                                                           data_catalog.py:483
                    INFO     Loading data from parameters (MemoryDataset)...                                                                      data_catalog.py:483
                    INFO     Running node: preprocess_data_node: preprocess_data([raw_data;parameters]) -> [processed_data;unique_ids]                    node.py:361
                    INFO     Saving data to processed_data (LazyPolarsDataset)...                                                                 data_catalog.py:525
                    INFO     Saving data to unique_ids (MemoryDataset)...                                                                         data_catalog.py:525
                    INFO     Completed 1 out of 3 tasks                                                                                       sequential_runner.py:90
                    INFO     Loading data from processed_data (LazyPolarsDataset)...                                                              data_catalog.py:483
                    INFO     Loading data from parameters (MemoryDataset)...                                                                      data_catalog.py:483
                    INFO     Running node: define_global_data_node: define_global_data([processed_data;parameters]) -> [global_data]                      node.py:361
                    INFO     Saving data to global_data (MemoryDataset)...                                                                        data_catalog.py:525
                    INFO     Completed 2 out of 3 tasks                                                                                       sequential_runner.py:90
                    INFO     Loading data from global_data (MemoryDataset)...                                                                     data_catalog.py:483
                    INFO     Loading data from unique_ids (MemoryDataset)...                                                                      data_catalog.py:483
                    INFO     Loading data from parameters (MemoryDataset)...                                                                      data_catalog.py:483
                    INFO     Running node: preprocess_data_node: run_parallel_predictions([global_data;unique_ids;parameters]) -> [models_results]        node.py:361

####################################################################################################
                                              INICIADO
####################################################################################################

Base de dados: FOOD
Frequência: WEEKLY
UIDs encontrados: 544

CENTER: 030; MEAL: 2581; UID: 030_2581 - CONCLUIDO; 543 restante(s)
CENTER: 027; MEAL: 1525; UID: 027_1525 - CONCLUIDO; 542 restante(s)
CENTER: 066; MEAL: 2306; UID: 066_2306 - CONCLUIDO; 541 restante(s)
CENTER: 013; MEAL: 1778; UID: 013_1778 - CONCLUIDO; 540 restante(s)
CENTER: 174; MEAL: 1311; UID: 174_1311 - CONCLUIDO; 539 restante(s)
CENTER: 057; MEAL: 2290; UID: 057_2290 - CONCLUIDO; 538 restante(s)
CENTER: 061; MEAL: 1558; UID: 061_1558 - CONCLUIDO; 537 restante(s)
CENTER: 036; MEAL: 2631; UID: 036_2631 - CONCLUIDO; 536 restante(s)
CENTER: 029; MEAL: 2826; UID: 029_2826 - CONCLUIDO; 535 restante(s)
CENTER: 094; MEAL: 1971; UID: 094_1971 - CONCLUIDO; 534 restante(s)
CENTER: 132; MEAL: 2631; UID: 132_2631 - CONCLUIDO; 533 restante(s)
CENTER: 149; MEAL: 1207; UID: 149_1207 - CONCLUIDO; 532 restante(s)
CENTER: 113; MEAL: 1248; UID: 113_1248 - CONCLUIDO; 531 restante(s)
CENTER: 014; MEAL: 1062; UID: 014_1062 - CONCLUIDO; 530 restante(s)
CENTER: 139; MEAL: 2290; UID: 139_2290 - CONCLUIDO; 529 restante(s)
CENTER: 013; MEAL: 2581; UID: 013_2581 - CONCLUIDO; 528 restante(s)
CENTER: 013; MEAL: 1962; UID: 013_1962 - CONCLUIDO; 527 restante(s)
CENTER: 152; MEAL: 1971; UID: 152_1971 - CONCLUIDO; 526 restante(s)
CENTER: 027; MEAL: 2631; UID: 027_2631 - CONCLUIDO; 525 restante(s)
CENTER: 059; MEAL: 1207; UID: 059_1207 - CONCLUIDO; 524 restante(s)
CENTER: 055; MEAL: 2631; UID: 055_2631 - CONCLUIDO; 523 restante(s)
CENTER: 177; MEAL: 1248; UID: 177_1248 - CONCLUIDO; 522 restante(s)
CENTER: 052; MEAL: 1971; UID: 052_1971 - CONCLUIDO; 521 restante(s)
CENTER: 132; MEAL: 2581; UID: 132_2581 - CONCLUIDO; 520 restante(s)
CENTER: 094; MEAL: 1445; UID: 094_1445 - CONCLUIDO; 519 restante(s)
CENTER: 067; MEAL: 1062; UID: 067_1062 - CONCLUIDO; 518 restante(s)
CENTER: 077; MEAL: 1445; UID: 077_1445 - CONCLUIDO; 517 restante(s)
CENTER: 042; MEAL: 2539; UID: 042_2539 - CONCLUIDO; 516 restante(s)
CENTER: 146; MEAL: 2760; UID: 146_2760 - CONCLUIDO; 515 restante(s)
CENTER: 057; MEAL: 1230; UID: 057_1230 - CONCLUIDO; 514 restante(s)
CENTER: 010; MEAL: 2126; UID: 010_2126 - CONCLUIDO; 513 restante(s)
CENTER: 101; MEAL: 2126; UID: 101_2126 - CONCLUIDO; 512 restante(s)
CENTER: 094; MEAL: 2139; UID: 094_2139 - CONCLUIDO; 511 restante(s)
CENTER: 066; MEAL: 2826; UID: 066_2826 - CONCLUIDO; 510 restante(s)
CENTER: 055; MEAL: 1558; UID: 055_1558 - CONCLUIDO; 509 restante(s)
CENTER: 042; MEAL: 1543; UID: 042_1543 - CONCLUIDO; 508 restante(s)
CENTER: 029; MEAL: 2707; UID: 029_2707 - CONCLUIDO; 507 restante(s)
CENTER: 077; MEAL: 2492; UID: 077_2492 - CONCLUIDO; 506 restante(s)
CENTER: 027; MEAL: 2494; UID: 027_2494 - CONCLUIDO; 505 restante(s)
CENTER: 086; MEAL: 2539; UID: 086_2539 - CONCLUIDO; 504 restante(s)
CENTER: 076; MEAL: 2494; UID: 076_2494 - CONCLUIDO; 503 restante(s)
CENTER: 029; MEAL: 1445; UID: 029_1445 - CONCLUIDO; 502 restante(s)
CENTER: 104; MEAL: 1207; UID: 104_1207 - CONCLUIDO; 501 restante(s)
CENTER: 017; MEAL: 1727; UID: 017_1727 - CONCLUIDO; 500 restante(s)
CENTER: 152; MEAL: 2492; UID: 152_2492 - CONCLUIDO; 499 restante(s)
CENTER: 065; MEAL: 1993; UID: 065_1993 - CONCLUIDO; 498 restante(s)
CENTER: 132; MEAL: 1062; UID: 132_1062 - CONCLUIDO; 497 restante(s)
CENTER: 081; MEAL: 1778; UID: 081_1778 - CONCLUIDO; 496 restante(s)
CENTER: 034; MEAL: 1754; UID: 034_1754 - CONCLUIDO; 495 restante(s)
CENTER: 026; MEAL: 1248; UID: 026_1248 - CONCLUIDO; 494 restante(s)
CENTER: 137; MEAL: 1885; UID: 137_1885 - CONCLUIDO; 493 restante(s)
CENTER: 086; MEAL: 2290; UID: 086_2290 - CONCLUIDO; 492 restante(s)
CENTER: 068; MEAL: 1993; UID: 068_1993 - CONCLUIDO; 491 restante(s)
CENTER: 161; MEAL: 1993; UID: 161_1993 - CONCLUIDO; 490 restante(s)
CENTER: 017; MEAL: 2139; UID: 017_2139 - CONCLUIDO; 489 restante(s)
CENTER: 157; MEAL: 1543; UID: 157_1543 - CONCLUIDO; 488 restante(s)
CENTER: 145; MEAL: 2322; UID: 145_2322 - CONCLUIDO; 487 restante(s)
CENTER: 081; MEAL: 2322; UID: 081_2322 - CONCLUIDO; 486 restante(s)
CENTER: 051; MEAL: 2760; UID: 051_2760 - CONCLUIDO; 485 restante(s)
CENTER: 024; MEAL: 1311; UID: 024_1311 - CONCLUIDO; 484 restante(s)
CENTER: 026; MEAL: 1754; UID: 026_1754 - CONCLUIDO; 483 restante(s)
CENTER: 059; MEAL: 1216; UID: 059_1216 - CONCLUIDO; 482 restante(s)
CENTER: 102; MEAL: 1445; UID: 102_1445 - CONCLUIDO; 481 restante(s)
CENTER: 058; MEAL: 1885; UID: 058_1885 - CONCLUIDO; 480 restante(s)
CENTER: 177; MEAL: 2539; UID: 177_2539 - CONCLUIDO; 479 restante(s)
CENTER: 029; MEAL: 2539; UID: 029_2539 - CONCLUIDO; 478 restante(s)
CENTER: 068; MEAL: 1216; UID: 068_1216 - CONCLUIDO; 477 restante(s)
CENTER: 177; MEAL: 2760; UID: 177_2760 - CONCLUIDO; 476 restante(s)
CENTER: 083; MEAL: 2306; UID: 083_2306 - CONCLUIDO; 475 restante(s)
CENTER: 162; MEAL: 2322; UID: 162_2322 - CONCLUIDO; 474 restante(s)
CENTER: 083; MEAL: 1109; UID: 083_1109 - CONCLUIDO; 473 restante(s)
CENTER: 043; MEAL: 1207; UID: 043_1207 - CONCLUIDO; 472 restante(s)
CENTER: 080; MEAL: 2760; UID: 080_2760 - CONCLUIDO; 471 restante(s)
CENTER: 053; MEAL: 2126; UID: 053_2126 - CONCLUIDO; 470 restante(s)
CENTER: 065; MEAL: 2581; UID: 065_2581 - CONCLUIDO; 469 restante(s)
CENTER: 153; MEAL: 1558; UID: 153_1558 - CONCLUIDO; 468 restante(s)
CENTER: 162; MEAL: 1993; UID: 162_1993 - CONCLUIDO; 467 restante(s)
CENTER: 043; MEAL: 1248; UID: 043_1248 - CONCLUIDO; 466 restante(s)
CENTER: 104; MEAL: 1803; UID: 104_1803 - CONCLUIDO; 465 restante(s)
CENTER: 129; MEAL: 2577; UID: 129_2577 - CONCLUIDO; 464 restante(s)
CENTER: 024; MEAL: 1770; UID: 024_1770 - CONCLUIDO; 463 restante(s)
CENTER: 043; MEAL: 2631; UID: 043_2631 - CONCLUIDO; 462 restante(s)
CENTER: 061; MEAL: 1543; UID: 061_1543 - CONCLUIDO; 461 restante(s)
CENTER: 086; MEAL: 2492; UID: 086_2492 - CONCLUIDO; 460 restante(s)
CENTER: 174; MEAL: 1445; UID: 174_1445 - CONCLUIDO; 459 restante(s)
CENTER: 137; MEAL: 2707; UID: 137_2707 - CONCLUIDO; 458 restante(s)
CENTER: 066; MEAL: 1230; UID: 066_1230 - CONCLUIDO; 457 restante(s)
CENTER: 020; MEAL: 2492; UID: 020_2492 - CONCLUIDO; 456 restante(s)
CENTER: 057; MEAL: 1062; UID: 057_1062 - CONCLUIDO; 455 restante(s)
CENTER: 075; MEAL: 1778; UID: 075_1778 - CONCLUIDO; 454 restante(s)
CENTER: 058; MEAL: 2290; UID: 058_2290 - CONCLUIDO; 453 restante(s)
CENTER: 014; MEAL: 1109; UID: 014_1109 - CONCLUIDO; 452 restante(s)
CENTER: 091; MEAL: 1754; UID: 091_1754 - CONCLUIDO; 451 restante(s)
CENTER: 065; MEAL: 2704; UID: 065_2704 - CONCLUIDO; 450 restante(s)
CENTER: 074; MEAL: 1727; UID: 074_1727 - CONCLUIDO; 449 restante(s)
CENTER: 023; MEAL: 2539; UID: 023_2539 - CONCLUIDO; 448 restante(s)
CENTER: 143; MEAL: 1962; UID: 143_1962 - CONCLUIDO; 447 restante(s)
CENTER: 053; MEAL: 2492; UID: 053_2492 - CONCLUIDO; 446 restante(s)
CENTER: 074; MEAL: 1248; UID: 074_1248 - CONCLUIDO; 445 restante(s)
CENTER: 110; MEAL: 1778; UID: 110_1778 - CONCLUIDO; 444 restante(s)
CENTER: 053; MEAL: 2704; UID: 053_2704 - CONCLUIDO; 443 restante(s)
CENTER: 089; MEAL: 2139; UID: 089_2139 - CONCLUIDO; 442 restante(s)
CENTER: 104; MEAL: 1109; UID: 104_1109 - CONCLUIDO; 441 restante(s)
CENTER: 039; MEAL: 1543; UID: 039_1543 - CONCLUIDO; 440 restante(s)
CENTER: 186; MEAL: 2539; UID: 186_2539 - CONCLUIDO; 439 restante(s)
CENTER: 061; MEAL: 1902; UID: 061_1902 - CONCLUIDO; 438 restante(s)
CENTER: 065; MEAL: 2126; UID: 065_2126 - CONCLUIDO; 437 restante(s)
CENTER: 139; MEAL: 2304; UID: 139_2304 - CONCLUIDO; 436 restante(s)
CENTER: 132; MEAL: 1543; UID: 132_1543 - CONCLUIDO; 435 restante(s)
CENTER: 146; MEAL: 1902; UID: 146_1902 - CONCLUIDO; 434 restante(s)
CENTER: 097; MEAL: 1558; UID: 097_1558 - CONCLUIDO; 433 restante(s)
CENTER: 146; MEAL: 1770; UID: 146_1770 - CONCLUIDO; 432 restante(s)
CENTER: 065; MEAL: 1770; UID: 065_1770 - CONCLUIDO; 431 restante(s)
CENTER: 081; MEAL: 2492; UID: 081_2492 - CONCLUIDO; 430 restante(s)
CENTER: 089; MEAL: 2826; UID: 089_2826 - CONCLUIDO; 429 restante(s)
CENTER: 055; MEAL: 2867; UID: 055_2867 - CONCLUIDO; 428 restante(s)
CENTER: 113; MEAL: 2539; UID: 113_2539 - CONCLUIDO; 427 restante(s)
CENTER: 027; MEAL: 2139; UID: 027_2139 - CONCLUIDO; 426 restante(s)
CENTER: 109; MEAL: 2492; UID: 109_2492 - CONCLUIDO; 425 restante(s)
CENTER: 036; MEAL: 2492; UID: 036_2492 - CONCLUIDO; 424 restante(s)
CENTER: 030; MEAL: 2306; UID: 030_2306 - CONCLUIDO; 423 restante(s)
CENTER: 017; MEAL: 2492; UID: 017_2492 - CONCLUIDO; 422 restante(s)
CENTER: 041; MEAL: 2826; UID: 041_2826 - CONCLUIDO; 421 restante(s)
CENTER: 042; MEAL: 2581; UID: 042_2581 - CONCLUIDO; 420 restante(s)
CENTER: 149; MEAL: 2704; UID: 149_2704 - CONCLUIDO; 419 restante(s)
CENTER: 094; MEAL: 1993; UID: 094_1993 - CONCLUIDO; 418 restante(s)
CENTER: 161; MEAL: 1878; UID: 161_1878 - CONCLUIDO; 417 restante(s)
CENTER: 023; MEAL: 1962; UID: 023_1962 - CONCLUIDO; 416 restante(s)
CENTER: 149; MEAL: 2631; UID: 149_2631 - CONCLUIDO; 415 restante(s)
CENTER: 086; MEAL: 2826; UID: 086_2826 - CONCLUIDO; 414 restante(s)
CENTER: 088; MEAL: 1778; UID: 088_1778 - CONCLUIDO; 413 restante(s)
CENTER: 104; MEAL: 2867; UID: 104_2867 - CONCLUIDO; 412 restante(s)
CENTER: 011; MEAL: 1198; UID: 011_1198 - CONCLUIDO; 411 restante(s)
CENTER: 061; MEAL: 2826; UID: 061_2826 - CONCLUIDO; 410 restante(s)
CENTER: 129; MEAL: 1247; UID: 129_1247 - CONCLUIDO; 409 restante(s)
CENTER: 137; MEAL: 2126; UID: 137_2126 - CONCLUIDO; 408 restante(s)
CENTER: 177; MEAL: 2826; UID: 177_2826 - CONCLUIDO; 407 restante(s)
CENTER: 132; MEAL: 1216; UID: 132_1216 - CONCLUIDO; 406 restante(s)
CENTER: 065; MEAL: 2577; UID: 065_2577 - CONCLUIDO; 405 restante(s)
CENTER: 032; MEAL: 1248; UID: 032_1248 - CONCLUIDO; 404 restante(s)
CENTER: 186; MEAL: 2760; UID: 186_2760 - CONCLUIDO; 403 restante(s)
CENTER: 068; MEAL: 2139; UID: 068_2139 - CONCLUIDO; 402 restante(s)
CENTER: 042; MEAL: 2290; UID: 042_2290 - CONCLUIDO; 401 restante(s)
CENTER: 097; MEAL: 2826; UID: 097_2826 - CONCLUIDO; 400 restante(s)
CENTER: 102; MEAL: 1543; UID: 102_1543 - CONCLUIDO; 399 restante(s)
CENTER: 010; MEAL: 1558; UID: 010_1558 - CONCLUIDO; 398 restante(s)
CENTER: 030; MEAL: 1754; UID: 030_1754 - CONCLUIDO; 397 restante(s)
CENTER: 065; MEAL: 1878; UID: 065_1878 - CONCLUIDO; 396 restante(s)
CENTER: 110; MEAL: 2126; UID: 110_2126 - CONCLUIDO; 395 restante(s)
CENTER: 050; MEAL: 2306; UID: 050_2306 - CONCLUIDO; 394 restante(s)
CENTER: 161; MEAL: 1216; UID: 161_1216 - CONCLUIDO; 393 restante(s)
CENTER: 113; MEAL: 1993; UID: 113_1993 - CONCLUIDO; 392 restante(s)
CENTER: 072; MEAL: 1207; UID: 072_1207 - CONCLUIDO; 391 restante(s)
CENTER: 153; MEAL: 1543; UID: 153_1543 - CONCLUIDO; 390 restante(s)
CENTER: 161; MEAL: 1754; UID: 161_1754 - CONCLUIDO; 389 restante(s)
CENTER: 186; MEAL: 1727; UID: 186_1727 - CONCLUIDO; 388 restante(s)
CENTER: 162; MEAL: 1778; UID: 162_1778 - CONCLUIDO; 387 restante(s)
CENTER: 086; MEAL: 1109; UID: 086_1109 - CONCLUIDO; 386 restante(s)
CENTER: 042; MEAL: 2826; UID: 042_2826 - CONCLUIDO; 385 restante(s)
CENTER: 132; MEAL: 1727; UID: 132_1727 - CONCLUIDO; 384 restante(s)
CENTER: 129; MEAL: 1727; UID: 129_1727 - CONCLUIDO; 383 restante(s)
CENTER: 152; MEAL: 1445; UID: 152_1445 - CONCLUIDO; 382 restante(s)
CENTER: 010; MEAL: 1198; UID: 010_1198 - CONCLUIDO; 381 restante(s)
CENTER: 075; MEAL: 1770; UID: 075_1770 - CONCLUIDO; 380 restante(s)
CENTER: 109; MEAL: 1445; UID: 109_1445 - CONCLUIDO; 379 restante(s)
CENTER: 011; MEAL: 2640; UID: 011_2640 - CONCLUIDO; 378 restante(s)
CENTER: 030; MEAL: 2640; UID: 030_2640 - CONCLUIDO; 377 restante(s)
CENTER: 081; MEAL: 2631; UID: 081_2631 - CONCLUIDO; 376 restante(s)
CENTER: 073; MEAL: 1543; UID: 073_1543 - CONCLUIDO; 375 restante(s)
CENTER: 059; MEAL: 2631; UID: 059_2631 - CONCLUIDO; 374 restante(s)
CENTER: 174; MEAL: 1438; UID: 174_1438 - CONCLUIDO; 373 restante(s)
CENTER: 177; MEAL: 1754; UID: 177_1754 - CONCLUIDO; 372 restante(s)
CENTER: 059; MEAL: 2444; UID: 059_2444 - CONCLUIDO; 371 restante(s)
CENTER: 020; MEAL: 2707; UID: 020_2707 - CONCLUIDO; 370 restante(s)
CENTER: 027; MEAL: 1230; UID: 027_1230 - CONCLUIDO; 369 restante(s)
CENTER: 108; MEAL: 2704; UID: 108_2704 - CONCLUIDO; 368 restante(s)
CENTER: 024; MEAL: 1230; UID: 024_1230 - CONCLUIDO; 367 restante(s)
CENTER: 129; MEAL: 2139; UID: 129_2139 - CONCLUIDO; 366 restante(s)
CENTER: 034; MEAL: 1962; UID: 034_1962 - CONCLUIDO; 365 restante(s)
CENTER: 034; MEAL: 2492; UID: 034_2492 - CONCLUIDO; 364 restante(s)
CENTER: 126; MEAL: 2826; UID: 126_2826 - CONCLUIDO; 363 restante(s)
CENTER: 094; MEAL: 2304; UID: 094_2304 - CONCLUIDO; 362 restante(s)
CENTER: 106; MEAL: 2631; UID: 106_2631 - CONCLUIDO; 361 restante(s)
CENTER: 065; MEAL: 2139; UID: 065_2139 - CONCLUIDO; 360 restante(s)
CENTER: 137; MEAL: 1525; UID: 137_1525 - CONCLUIDO; 359 restante(s)
CENTER: 153; MEAL: 1109; UID: 153_1109 - CONCLUIDO; 358 restante(s)
CENTER: 043; MEAL: 1727; UID: 043_1727 - CONCLUIDO; 357 restante(s)
CENTER: 053; MEAL: 2581; UID: 053_2581 - CONCLUIDO; 356 restante(s)
CENTER: 132; MEAL: 1558; UID: 132_1558 - CONCLUIDO; 355 restante(s)
CENTER: 052; MEAL: 2492; UID: 052_2492 - CONCLUIDO; 354 restante(s)
CENTER: 089; MEAL: 2760; UID: 089_2760 - CONCLUIDO; 353 restante(s)
CENTER: 073; MEAL: 2539; UID: 073_2539 - CONCLUIDO; 352 restante(s)
CENTER: 083; MEAL: 2867; UID: 083_2867 - CONCLUIDO; 351 restante(s)
CENTER: 101; MEAL: 2707; UID: 101_2707 - CONCLUIDO; 350 restante(s)
CENTER: 032; MEAL: 2707; UID: 032_2707 - CONCLUIDO; 349 restante(s)
CENTER: 099; MEAL: 1778; UID: 099_1778 - CONCLUIDO; 348 restante(s)
CENTER: 057; MEAL: 2707; UID: 057_2707 - CONCLUIDO; 347 restante(s)
CENTER: 124; MEAL: 2631; UID: 124_2631 - CONCLUIDO; 346 restante(s)
CENTER: 023; MEAL: 1993; UID: 023_1993 - CONCLUIDO; 345 restante(s)
CENTER: 061; MEAL: 2139; UID: 061_2139 - CONCLUIDO; 344 restante(s)
CENTER: 076; MEAL: 2704; UID: 076_2704 - CONCLUIDO; 343 restante(s)
CENTER: 137; MEAL: 2290; UID: 137_2290 - CONCLUIDO; 342 restante(s)
CENTER: 013; MEAL: 1109; UID: 013_1109 - CONCLUIDO; 341 restante(s)
CENTER: 146; MEAL: 2631; UID: 146_2631 - CONCLUIDO; 340 restante(s)
CENTER: 186; MEAL: 1445; UID: 186_1445 - CONCLUIDO; 339 restante(s)
CENTER: 058; MEAL: 2539; UID: 058_2539 - CONCLUIDO; 338 restante(s)
CENTER: 146; MEAL: 2640; UID: 146_2640 - CONCLUIDO; 337 restante(s)
CENTER: 010; MEAL: 2304; UID: 010_2304 - CONCLUIDO; 336 restante(s)
CENTER: 023; MEAL: 1109; UID: 023_1109 - CONCLUIDO; 335 restante(s)
CENTER: 024; MEAL: 1727; UID: 024_1727 - CONCLUIDO; 334 restante(s)
CENTER: 058; MEAL: 2126; UID: 058_2126 - CONCLUIDO; 333 restante(s)
CENTER: 023; MEAL: 2707; UID: 023_2707 - CONCLUIDO; 332 restante(s)
CENTER: 013; MEAL: 2826; UID: 013_2826 - CONCLUIDO; 331 restante(s)
CENTER: 153; MEAL: 2290; UID: 153_2290 - CONCLUIDO; 330 restante(s)
CENTER: 076; MEAL: 1109; UID: 076_1109 - CONCLUIDO; 329 restante(s)
CENTER: 124; MEAL: 1727; UID: 124_1727 - CONCLUIDO; 328 restante(s)
CENTER: 059; MEAL: 2126; UID: 059_2126 - CONCLUIDO; 327 restante(s)
CENTER: 067; MEAL: 1109; UID: 067_1109 - CONCLUIDO; 326 restante(s)
CENTER: 108; MEAL: 2631; UID: 108_2631 - CONCLUIDO; 325 restante(s)
CENTER: 036; MEAL: 1247; UID: 036_1247 - CONCLUIDO; 324 restante(s)
CENTER: 157; MEAL: 1216; UID: 157_1216 - CONCLUIDO; 323 restante(s)
CENTER: 143; MEAL: 2826; UID: 143_2826 - CONCLUIDO; 322 restante(s)
CENTER: 145; MEAL: 2139; UID: 145_2139 - CONCLUIDO; 321 restante(s)
CENTER: 106; MEAL: 2139; UID: 106_2139 - CONCLUIDO; 320 restante(s)
CENTER: 055; MEAL: 1207; UID: 055_1207 - CONCLUIDO; 319 restante(s)
CENTER: 061; MEAL: 1207; UID: 061_1207 - CONCLUIDO; 318 restante(s)
CENTER: 106; MEAL: 2290; UID: 106_2290 - CONCLUIDO; 317 restante(s)
CENTER: 051; MEAL: 2494; UID: 051_2494 - CONCLUIDO; 316 restante(s)
CENTER: 092; MEAL: 1962; UID: 092_1962 - CONCLUIDO; 315 restante(s)
CENTER: 097; MEAL: 2126; UID: 097_2126 - CONCLUIDO; 314 restante(s)
CENTER: 080; MEAL: 2631; UID: 080_2631 - CONCLUIDO; 313 restante(s)
CENTER: 029; MEAL: 1543; UID: 029_1543 - CONCLUIDO; 312 restante(s)
CENTER: 027; MEAL: 2707; UID: 027_2707 - CONCLUIDO; 311 restante(s)
CENTER: 094; MEAL: 2322; UID: 094_2322 - CONCLUIDO; 310 restante(s)
CENTER: 093; MEAL: 1216; UID: 093_1216 - CONCLUIDO; 309 restante(s)
CENTER: 104; MEAL: 2640; UID: 104_2640 - CONCLUIDO; 308 restante(s)
CENTER: 020; MEAL: 1971; UID: 020_1971 - CONCLUIDO; 307 restante(s)
CENTER: 029; MEAL: 1885; UID: 029_1885 - CONCLUIDO; 306 restante(s)
CENTER: 023; MEAL: 1438; UID: 023_1438 - CONCLUIDO; 305 restante(s)
CENTER: 077; MEAL: 1109; UID: 077_1109 - CONCLUIDO; 304 restante(s)
CENTER: 030; MEAL: 2290; UID: 030_2290 - CONCLUIDO; 303 restante(s)
CENTER: 091; MEAL: 2290; UID: 091_2290 - CONCLUIDO; 302 restante(s)
CENTER: 061; MEAL: 2306; UID: 061_2306 - CONCLUIDO; 301 restante(s)
CENTER: 153; MEAL: 1248; UID: 153_1248 - CONCLUIDO; 300 restante(s)
CENTER: 051; MEAL: 2640; UID: 051_2640 - CONCLUIDO; 299 restante(s)
CENTER: 101; MEAL: 1971; UID: 101_1971 - CONCLUIDO; 298 restante(s)
CENTER: 177; MEAL: 1885; UID: 177_1885 - CONCLUIDO; 297 restante(s)
CENTER: 036; MEAL: 2707; UID: 036_2707 - CONCLUIDO; 296 restante(s)
CENTER: 186; MEAL: 2290; UID: 186_2290 - CONCLUIDO; 295 restante(s)
CENTER: 051; MEAL: 1247; UID: 051_1247 - CONCLUIDO; 294 restante(s)
CENTER: 153; MEAL: 1847; UID: 153_1847 - CONCLUIDO; 293 restante(s)
CENTER: 061; MEAL: 2581; UID: 061_2581 - CONCLUIDO; 292 restante(s)
CENTER: 104; MEAL: 1847; UID: 104_1847 - CONCLUIDO; 291 restante(s)
CENTER: 024; MEAL: 2494; UID: 024_2494 - CONCLUIDO; 290 restante(s)
CENTER: 029; MEAL: 1778; UID: 029_1778 - CONCLUIDO; 289 restante(s)
CENTER: 137; MEAL: 1727; UID: 137_1727 - CONCLUIDO; 288 restante(s)
CENTER: 099; MEAL: 2707; UID: 099_2707 - CONCLUIDO; 287 restante(s)
CENTER: 132; MEAL: 1847; UID: 132_1847 - CONCLUIDO; 286 restante(s)
CENTER: 011; MEAL: 1778; UID: 011_1778 - CONCLUIDO; 285 restante(s)
CENTER: 020; MEAL: 1311; UID: 020_1311 - CONCLUIDO; 284 restante(s)
CENTER: 027; MEAL: 2581; UID: 027_2581 - CONCLUIDO; 283 restante(s)
CENTER: 043; MEAL: 1847; UID: 043_1847 - CONCLUIDO; 282 restante(s)
CENTER: 108; MEAL: 2640; UID: 108_2640 - CONCLUIDO; 281 restante(s)
CENTER: 092; MEAL: 1778; UID: 092_1778 - CONCLUIDO; 280 restante(s)
CENTER: 059; MEAL: 1878; UID: 059_1878 - CONCLUIDO; 279 restante(s)
CENTER: 023; MEAL: 1062; UID: 023_1062 - CONCLUIDO; 278 restante(s)
CENTER: 108; MEAL: 1878; UID: 108_1878 - CONCLUIDO; 277 restante(s)
CENTER: 055; MEAL: 1062; UID: 055_1062 - CONCLUIDO; 276 restante(s)
CENTER: 091; MEAL: 1727; UID: 091_1727 - CONCLUIDO; 275 restante(s)
CENTER: 010; MEAL: 1311; UID: 010_1311 - CONCLUIDO; 274 restante(s)
CENTER: 086; MEAL: 2322; UID: 086_2322 - CONCLUIDO; 273 restante(s)
CENTER: 043; MEAL: 1543; UID: 043_1543 - CONCLUIDO; 272 restante(s)
CENTER: 089; MEAL: 1109; UID: 089_1109 - CONCLUIDO; 271 restante(s)
CENTER: 065; MEAL: 2290; UID: 065_2290 - CONCLUIDO; 270 restante(s)
CENTER: 102; MEAL: 1878; UID: 102_1878 - CONCLUIDO; 269 restante(s)
CENTER: 137; MEAL: 2577; UID: 137_2577 - CONCLUIDO; 268 restante(s)
CENTER: 067; MEAL: 2306; UID: 067_2306 - CONCLUIDO; 267 restante(s)
CENTER: 094; MEAL: 2290; UID: 094_2290 - CONCLUIDO; 266 restante(s)
CENTER: 108; MEAL: 2826; UID: 108_2826 - CONCLUIDO; 265 restante(s)
CENTER: 051; MEAL: 2444; UID: 051_2444 - CONCLUIDO; 264 restante(s)
CENTER: 042; MEAL: 1445; UID: 042_1445 - CONCLUIDO; 263 restante(s)
CENTER: 068; MEAL: 2707; UID: 068_2707 - CONCLUIDO; 262 restante(s)
CENTER: 020; MEAL: 2826; UID: 020_2826 - CONCLUIDO; 261 restante(s)
CENTER: 055; MEAL: 2322; UID: 055_2322 - CONCLUIDO; 260 restante(s)
CENTER: 145; MEAL: 2704; UID: 145_2704 - CONCLUIDO; 259 restante(s)
CENTER: 020; MEAL: 1230; UID: 020_1230 - CONCLUIDO; 258 restante(s)
CENTER: 074; MEAL: 1062; UID: 074_1062 - CONCLUIDO; 257 restante(s)
CENTER: 023; MEAL: 1445; UID: 023_1445 - CONCLUIDO; 256 restante(s)
CENTER: 020; MEAL: 2631; UID: 020_2631 - CONCLUIDO; 255 restante(s)
CENTER: 146; MEAL: 1878; UID: 146_1878 - CONCLUIDO; 254 restante(s)
CENTER: 110; MEAL: 2631; UID: 110_2631 - CONCLUIDO; 253 restante(s)
CENTER: 132; MEAL: 1993; UID: 132_1993 - CONCLUIDO; 252 restante(s)
CENTER: 129; MEAL: 1878; UID: 129_1878 - CONCLUIDO; 251 restante(s)
CENTER: 108; MEAL: 1062; UID: 108_1062 - CONCLUIDO; 250 restante(s)
CENTER: 020; MEAL: 2577; UID: 020_2577 - CONCLUIDO; 249 restante(s)
CENTER: 042; MEAL: 1971; UID: 042_1971 - CONCLUIDO; 248 restante(s)
CENTER: 113; MEAL: 2126; UID: 113_2126 - CONCLUIDO; 247 restante(s)
CENTER: 023; MEAL: 2826; UID: 023_2826 - CONCLUIDO; 246 restante(s)
CENTER: 026; MEAL: 1878; UID: 026_1878 - CONCLUIDO; 245 restante(s)
CENTER: 051; MEAL: 1770; UID: 051_1770 - CONCLUIDO; 244 restante(s)
CENTER: 059; MEAL: 1727; UID: 059_1727 - CONCLUIDO; 243 restante(s)
CENTER: 091; MEAL: 2707; UID: 091_2707 - CONCLUIDO; 242 restante(s)
CENTER: 032; MEAL: 2581; UID: 032_2581 - CONCLUIDO; 241 restante(s)
CENTER: 024; MEAL: 1062; UID: 024_1062 - CONCLUIDO; 240 restante(s)
CENTER: 143; MEAL: 2631; UID: 143_2631 - CONCLUIDO; 239 restante(s)
CENTER: 061; MEAL: 1878; UID: 061_1878 - CONCLUIDO; 238 restante(s)
CENTER: 014; MEAL: 2760; UID: 014_2760 - CONCLUIDO; 237 restante(s)
CENTER: 145; MEAL: 2640; UID: 145_2640 - CONCLUIDO; 236 restante(s)
CENTER: 026; MEAL: 2322; UID: 026_2322 - CONCLUIDO; 235 restante(s)
CENTER: 126; MEAL: 1885; UID: 126_1885 - CONCLUIDO; 234 restante(s)
CENTER: 162; MEAL: 2581; UID: 162_2581 - CONCLUIDO; 233 restante(s)
CENTER: 143; MEAL: 1525; UID: 143_1525 - CONCLUIDO; 232 restante(s)
CENTER: 094; MEAL: 1248; UID: 094_1248 - CONCLUIDO; 231 restante(s)
CENTER: 074; MEAL: 1878; UID: 074_1878 - CONCLUIDO; 230 restante(s)
CENTER: 065; MEAL: 1230; UID: 065_1230 - CONCLUIDO; 229 restante(s)
CENTER: 074; MEAL: 1207; UID: 074_1207 - CONCLUIDO; 228 restante(s)
CENTER: 053; MEAL: 1109; UID: 053_1109 - CONCLUIDO; 227 restante(s)
CENTER: 059; MEAL: 2304; UID: 059_2304 - CONCLUIDO; 226 restante(s)
CENTER: 089; MEAL: 2290; UID: 089_2290 - CONCLUIDO; 225 restante(s)
CENTER: 065; MEAL: 2304; UID: 065_2304 - CONCLUIDO; 224 restante(s)
CENTER: 036; MEAL: 1109; UID: 036_1109 - CONCLUIDO; 223 restante(s)
CENTER: 072; MEAL: 1445; UID: 072_1445 - CONCLUIDO; 222 restante(s)
CENTER: 146; MEAL: 2444; UID: 146_2444 - CONCLUIDO; 221 restante(s)
CENTER: 010; MEAL: 2631; UID: 010_2631 - CONCLUIDO; 220 restante(s)
CENTER: 102; MEAL: 2581; UID: 102_2581 - CONCLUIDO; 219 restante(s)
CENTER: 024; MEAL: 1885; UID: 024_1885 - CONCLUIDO; 218 restante(s)
CENTER: 139; MEAL: 2707; UID: 139_2707 - CONCLUIDO; 217 restante(s)
CENTER: 029; MEAL: 2290; UID: 029_2290 - CONCLUIDO; 216 restante(s)
CENTER: 102; MEAL: 2826; UID: 102_2826 - CONCLUIDO; 215 restante(s)
CENTER: 024; MEAL: 1971; UID: 024_1971 - CONCLUIDO; 214 restante(s)
CENTER: 132; MEAL: 1248; UID: 132_1248 - CONCLUIDO; 213 restante(s)
CENTER: 053; MEAL: 2826; UID: 053_2826 - CONCLUIDO; 212 restante(s)
CENTER: 149; MEAL: 2760; UID: 149_2760 - CONCLUIDO; 211 restante(s)
CENTER: 061; MEAL: 1445; UID: 061_1445 - CONCLUIDO; 210 restante(s)
CENTER: 036; MEAL: 1248; UID: 036_1248 - CONCLUIDO; 209 restante(s)
CENTER: 113; MEAL: 1727; UID: 113_1727 - CONCLUIDO; 208 restante(s)
CENTER: 080; MEAL: 1558; UID: 080_1558 - CONCLUIDO; 207 restante(s)
CENTER: 024; MEAL: 1109; UID: 024_1109 - CONCLUIDO; 206 restante(s)
CENTER: 067; MEAL: 2304; UID: 067_2304 - CONCLUIDO; 205 restante(s)
CENTER: 083; MEAL: 2126; UID: 083_2126 - CONCLUIDO; 204 restante(s)
CENTER: 072; MEAL: 1993; UID: 072_1993 - CONCLUIDO; 203 restante(s)
CENTER: 042; MEAL: 2126; UID: 042_2126 - CONCLUIDO; 202 restante(s)
CENTER: 153; MEAL: 2826; UID: 153_2826 - CONCLUIDO; 201 restante(s)
CENTER: 132; MEAL: 2306; UID: 132_2306 - CONCLUIDO; 200 restante(s)
CENTER: 129; MEAL: 1230; UID: 129_1230 - CONCLUIDO; 199 restante(s)
CENTER: 137; MEAL: 2322; UID: 137_2322 - CONCLUIDO; 198 restante(s)
CENTER: 010; MEAL: 2444; UID: 010_2444 - CONCLUIDO; 197 restante(s)
CENTER: 036; MEAL: 1754; UID: 036_1754 - CONCLUIDO; 196 restante(s)
CENTER: 072; MEAL: 1311; UID: 072_1311 - CONCLUIDO; 195 restante(s)
CENTER: 030; MEAL: 1216; UID: 030_1216 - CONCLUIDO; 194 restante(s)
CENTER: 177; MEAL: 1993; UID: 177_1993 - CONCLUIDO; 193 restante(s)
CENTER: 032; MEAL: 1543; UID: 032_1543 - CONCLUIDO; 192 restante(s)
CENTER: 030; MEAL: 1847; UID: 030_1847 - CONCLUIDO; 191 restante(s)
CENTER: 066; MEAL: 1778; UID: 066_1778 - CONCLUIDO; 190 restante(s)
CENTER: 177; MEAL: 2707; UID: 177_2707 - CONCLUIDO; 189 restante(s)
CENTER: 161; MEAL: 2640; UID: 161_2640 - CONCLUIDO; 188 restante(s)
CENTER: 053; MEAL: 2322; UID: 053_2322 - CONCLUIDO; 187 restante(s)
CENTER: 067; MEAL: 1770; UID: 067_1770 - CONCLUIDO; 186 restante(s)
CENTER: 077; MEAL: 2126; UID: 077_2126 - CONCLUIDO; 185 restante(s)
CENTER: 157; MEAL: 2631; UID: 157_2631 - CONCLUIDO; 184 restante(s)
CENTER: 052; MEAL: 2826; UID: 052_2826 - CONCLUIDO; 183 restante(s)
CENTER: 065; MEAL: 1962; UID: 065_1962 - CONCLUIDO; 182 restante(s)
CENTER: 113; MEAL: 1543; UID: 113_1543 - CONCLUIDO; 181 restante(s)
CENTER: 061; MEAL: 2760; UID: 061_2760 - CONCLUIDO; 180 restante(s)
CENTER: 020; MEAL: 1438; UID: 020_1438 - CONCLUIDO; 179 restante(s)
CENTER: 157; MEAL: 1445; UID: 157_1445 - CONCLUIDO; 178 restante(s)
CENTER: 027; MEAL: 2492; UID: 027_2492 - CONCLUIDO; 177 restante(s)
CENTER: 066; MEAL: 2631; UID: 066_2631 - CONCLUIDO; 176 restante(s)
CENTER: 017; MEAL: 1803; UID: 017_1803 - CONCLUIDO; 175 restante(s)
CENTER: 076; MEAL: 1878; UID: 076_1878 - CONCLUIDO; 174 restante(s)
CENTER: 010; MEAL: 1727; UID: 010_1727 - CONCLUIDO; 173 restante(s)
CENTER: 036; MEAL: 1062; UID: 036_1062 - CONCLUIDO; 172 restante(s)
CENTER: 065; MEAL: 1543; UID: 065_1543 - CONCLUIDO; 171 restante(s)
CENTER: 099; MEAL: 2539; UID: 099_2539 - CONCLUIDO; 170 restante(s)
CENTER: 161; MEAL: 1109; UID: 161_1109 - CONCLUIDO; 169 restante(s)
CENTER: 137; MEAL: 1847; UID: 137_1847 - CONCLUIDO; 168 restante(s)
CENTER: 097; MEAL: 1445; UID: 097_1445 - CONCLUIDO; 167 restante(s)
CENTER: 157; MEAL: 2539; UID: 157_2539 - CONCLUIDO; 166 restante(s)
CENTER: 139; MEAL: 1993; UID: 139_1993 - CONCLUIDO; 165 restante(s)
CENTER: 010; MEAL: 2640; UID: 010_2640 - CONCLUIDO; 164 restante(s)
CENTER: 152; MEAL: 1962; UID: 152_1962 - CONCLUIDO; 163 restante(s)
CENTER: 132; MEAL: 2640; UID: 132_2640 - CONCLUIDO; 162 restante(s)
CENTER: 041; MEAL: 1216; UID: 041_1216 - CONCLUIDO; 161 restante(s)
CENTER: 083; MEAL: 1993; UID: 083_1993 - CONCLUIDO; 160 restante(s)
CENTER: 137; MEAL: 1962; UID: 137_1962 - CONCLUIDO; 159 restante(s)
CENTER: 014; MEAL: 1962; UID: 014_1962 - CONCLUIDO; 158 restante(s)
CENTER: 039; MEAL: 2826; UID: 039_2826 - CONCLUIDO; 157 restante(s)
CENTER: 073; MEAL: 1754; UID: 073_1754 - CONCLUIDO; 156 restante(s)
CENTER: 034; MEAL: 2306; UID: 034_2306 - CONCLUIDO; 155 restante(s)
CENTER: 097; MEAL: 1885; UID: 097_1885 - CONCLUIDO; 154 restante(s)
CENTER: 017; MEAL: 1248; UID: 017_1248 - CONCLUIDO; 153 restante(s)
CENTER: 083; MEAL: 1062; UID: 083_1062 - CONCLUIDO; 152 restante(s)
CENTER: 081; MEAL: 1525; UID: 081_1525 - CONCLUIDO; 151 restante(s)
CENTER: 014; MEAL: 2826; UID: 014_2826 - CONCLUIDO; 150 restante(s)
CENTER: 053; MEAL: 2304; UID: 053_2304 - CONCLUIDO; 149 restante(s)
CENTER: 030; MEAL: 1109; UID: 030_1109 - CONCLUIDO; 148 restante(s)
CENTER: 061; MEAL: 2577; UID: 061_2577 - CONCLUIDO; 147 restante(s)
CENTER: 042; MEAL: 1248; UID: 042_1248 - CONCLUIDO; 146 restante(s)
CENTER: 139; MEAL: 1878; UID: 139_1878 - CONCLUIDO; 145 restante(s)
CENTER: 059; MEAL: 1885; UID: 059_1885 - CONCLUIDO; 144 restante(s)
CENTER: 080; MEAL: 2539; UID: 080_2539 - CONCLUIDO; 143 restante(s)
CENTER: 152; MEAL: 1525; UID: 152_1525 - CONCLUIDO; 142 restante(s)
CENTER: 050; MEAL: 1971; UID: 050_1971 - CONCLUIDO; 141 restante(s)
CENTER: 043; MEAL: 1198; UID: 043_1198 - CONCLUIDO; 140 restante(s)
CENTER: 013; MEAL: 1770; UID: 013_1770 - CONCLUIDO; 139 restante(s)
CENTER: 050; MEAL: 2492; UID: 050_2492 - CONCLUIDO; 138 restante(s)
CENTER: 093; MEAL: 1445; UID: 093_1445 - CONCLUIDO; 137 restante(s)
CENTER: 061; MEAL: 2290; UID: 061_2290 - CONCLUIDO; 136 restante(s)
CENTER: 093; MEAL: 1558; UID: 093_1558 - CONCLUIDO; 135 restante(s)
CENTER: 076; MEAL: 1558; UID: 076_1558 - CONCLUIDO; 134 restante(s)
CENTER: 030; MEAL: 1962; UID: 030_1962 - CONCLUIDO; 133 restante(s)
CENTER: 042; MEAL: 2492; UID: 042_2492 - CONCLUIDO; 132 restante(s)
CENTER: 161; MEAL: 2492; UID: 161_2492 - CONCLUIDO; 131 restante(s)
CENTER: 014; MEAL: 2631; UID: 014_2631 - CONCLUIDO; 130 restante(s)
CENTER: 088; MEAL: 1207; UID: 088_1207 - CONCLUIDO; 129 restante(s)
CENTER: 106; MEAL: 1727; UID: 106_1727 - CONCLUIDO; 128 restante(s)
CENTER: 057; MEAL: 1962; UID: 057_1962 - CONCLUIDO; 127 restante(s)
CENTER: 052; MEAL: 2139; UID: 052_2139 - CONCLUIDO; 126 restante(s)
CENTER: 058; MEAL: 1878; UID: 058_1878 - CONCLUIDO; 125 restante(s)
CENTER: 104; MEAL: 1311; UID: 104_1311 - CONCLUIDO; 124 restante(s)
CENTER: 080; MEAL: 1778; UID: 080_1778 - CONCLUIDO; 123 restante(s)
CENTER: 072; MEAL: 2707; UID: 072_2707 - CONCLUIDO; 122 restante(s)
CENTER: 057; MEAL: 1993; UID: 057_1993 - CONCLUIDO; 121 restante(s)
CENTER: 013; MEAL: 1525; UID: 013_1525 - CONCLUIDO; 120 restante(s)
CENTER: 089; MEAL: 2704; UID: 089_2704 - CONCLUIDO; 119 restante(s)
CENTER: 052; MEAL: 1109; UID: 052_1109 - CONCLUIDO; 118 restante(s)
CENTER: 075; MEAL: 2581; UID: 075_2581 - CONCLUIDO; 117 restante(s)
CENTER: 067; MEAL: 1207; UID: 067_1207 - CONCLUIDO; 116 restante(s)
CENTER: 177; MEAL: 1216; UID: 177_1216 - CONCLUIDO; 115 restante(s)
CENTER: 080; MEAL: 1971; UID: 080_1971 - CONCLUIDO; 114 restante(s)
CENTER: 067; MEAL: 1230; UID: 067_1230 - CONCLUIDO; 113 restante(s)
CENTER: 113; MEAL: 2492; UID: 113_2492 - CONCLUIDO; 112 restante(s)
CENTER: 177; MEAL: 2126; UID: 177_2126 - CONCLUIDO; 111 restante(s)
CENTER: 076; MEAL: 1311; UID: 076_1311 - CONCLUIDO; 110 restante(s)
CENTER: 065; MEAL: 1247; UID: 065_1247 - CONCLUIDO; 109 restante(s)
CENTER: 091; MEAL: 1062; UID: 091_1062 - CONCLUIDO; 108 restante(s)
CENTER: 145; MEAL: 2492; UID: 145_2492 - CONCLUIDO; 107 restante(s)
CENTER: 013; MEAL: 2290; UID: 013_2290 - CONCLUIDO; 106 restante(s)
CENTER: 014; MEAL: 2577; UID: 014_2577 - CONCLUIDO; 105 restante(s)
CENTER: 161; MEAL: 1778; UID: 161_1778 - CONCLUIDO; 104 restante(s)
CENTER: 030; MEAL: 1993; UID: 030_1993 - CONCLUIDO; 103 restante(s)
CENTER: 077; MEAL: 2760; UID: 077_2760 - CONCLUIDO; 102 restante(s)
CENTER: 097; MEAL: 2760; UID: 097_2760 - CONCLUIDO; 101 restante(s)
CENTER: 146; MEAL: 2139; UID: 146_2139 - CONCLUIDO; 100 restante(s)
CENTER: 149; MEAL: 1971; UID: 149_1971 - CONCLUIDO; 99 restante(s)
CENTER: 099; MEAL: 1438; UID: 099_1438 - CONCLUIDO; 98 restante(s)
CENTER: 032; MEAL: 1558; UID: 032_1558 - CONCLUIDO; 97 restante(s)
CENTER: 088; MEAL: 1878; UID: 088_1878 - CONCLUIDO; 96 restante(s)
CENTER: 113; MEAL: 2826; UID: 113_2826 - CONCLUIDO; 95 restante(s)
CENTER: 051; MEAL: 2492; UID: 051_2492 - CONCLUIDO; 94 restante(s)
CENTER: 010; MEAL: 1247; UID: 010_1247 - CONCLUIDO; 93 restante(s)
CENTER: 064; MEAL: 1778; UID: 064_1778 - CONCLUIDO; 92 restante(s)
CENTER: 017; MEAL: 1878; UID: 017_1878 - CONCLUIDO; 91 restante(s)
CENTER: 099; MEAL: 1248; UID: 099_1248 - CONCLUIDO; 90 restante(s)
CENTER: 132; MEAL: 1445; UID: 132_1445 - CONCLUIDO; 89 restante(s)
CENTER: 052; MEAL: 1778; UID: 052_1778 - CONCLUIDO; 88 restante(s)
CENTER: 126; MEAL: 1230; UID: 126_1230 - CONCLUIDO; 87 restante(s)
CENTER: 097; MEAL: 2290; UID: 097_2290 - CONCLUIDO; 86 restante(s)
CENTER: 081; MEAL: 2826; UID: 081_2826 - CONCLUIDO; 85 restante(s)
CENTER: 074; MEAL: 1109; UID: 074_1109 - CONCLUIDO; 84 restante(s)
CENTER: 024; MEAL: 1445; UID: 024_1445 - CONCLUIDO; 83 restante(s)
CENTER: 076; MEAL: 1062; UID: 076_1062 - CONCLUIDO; 82 restante(s)
CENTER: 034; MEAL: 1727; UID: 034_1727 - CONCLUIDO; 81 restante(s)
CENTER: 072; MEAL: 1558; UID: 072_1558 - CONCLUIDO; 80 restante(s)
CENTER: 113; MEAL: 1962; UID: 113_1962 - CONCLUIDO; 79 restante(s)
CENTER: 073; MEAL: 1962; UID: 073_1962 - CONCLUIDO; 78 restante(s)
CENTER: 091; MEAL: 1993; UID: 091_1993 - CONCLUIDO; 77 restante(s)
CENTER: 068; MEAL: 2581; UID: 068_2581 - CONCLUIDO; 76 restante(s)
CENTER: 092; MEAL: 2304; UID: 092_2304 - CONCLUIDO; 75 restante(s)
CENTER: 075; MEAL: 2139; UID: 075_2139 - CONCLUIDO; 74 restante(s)
CENTER: 034; MEAL: 2304; UID: 034_2304 - CONCLUIDO; 73 restante(s)
CENTER: 051; MEAL: 2704; UID: 051_2704 - CONCLUIDO; 72 restante(s)
CENTER: 094; MEAL: 1727; UID: 094_1727 - CONCLUIDO; 71 restante(s)
CENTER: 152; MEAL: 1109; UID: 152_1109 - CONCLUIDO; 70 restante(s)
CENTER: 050; MEAL: 1247; UID: 050_1247 - CONCLUIDO; 69 restante(s)
CENTER: 072; MEAL: 1754; UID: 072_1754 - CONCLUIDO; 68 restante(s)
CENTER: 092; MEAL: 1754; UID: 092_1754 - CONCLUIDO; 67 restante(s)
CENTER: 010; MEAL: 1109; UID: 010_1109 - CONCLUIDO; 66 restante(s)
CENTER: 157; MEAL: 2290; UID: 157_2290 - CONCLUIDO; 65 restante(s)
CENTER: 067; MEAL: 2631; UID: 067_2631 - CONCLUIDO; 64 restante(s)
CENTER: 072; MEAL: 2494; UID: 072_2494 - CONCLUIDO; 63 restante(s)
CENTER: 143; MEAL: 2539; UID: 143_2539 - CONCLUIDO; 62 restante(s)
CENTER: 075; MEAL: 1230; UID: 075_1230 - CONCLUIDO; 61 restante(s)
CENTER: 104; MEAL: 2306; UID: 104_2306 - CONCLUIDO; 60 restante(s)
CENTER: 099; MEAL: 2581; UID: 099_2581 - CONCLUIDO; 59 restante(s)
CENTER: 145; MEAL: 1216; UID: 145_1216 - CONCLUIDO; 58 restante(s)
CENTER: 152; MEAL: 1247; UID: 152_1247 - CONCLUIDO; 57 restante(s)
CENTER: 113; MEAL: 2760; UID: 113_2760 - CONCLUIDO; 56 restante(s)
CENTER: 106; MEAL: 2304; UID: 106_2304 - CONCLUIDO; 55 restante(s)
CENTER: 043; MEAL: 2492; UID: 043_2492 - CONCLUIDO; 54 restante(s)
CENTER: 027; MEAL: 1198; UID: 027_1198 - CONCLUIDO; 53 restante(s)
CENTER: 124; MEAL: 1971; UID: 124_1971 - CONCLUIDO; 52 restante(s)
CENTER: 067; MEAL: 1971; UID: 067_1971 - CONCLUIDO; 51 restante(s)
CENTER: 152; MEAL: 1727; UID: 152_1727 - CONCLUIDO; 50 restante(s)
CENTER: 076; MEAL: 2126; UID: 076_2126 - CONCLUIDO; 49 restante(s)
CENTER: 073; MEAL: 2290; UID: 073_2290 - CONCLUIDO; 48 restante(s)
CENTER: 013; MEAL: 1754; UID: 013_1754 - CONCLUIDO; 47 restante(s)
CENTER: 059; MEAL: 1558; UID: 059_1558 - CONCLUIDO; 46 restante(s)
CENTER: 052; MEAL: 1993; UID: 052_1993 - CONCLUIDO; 45 restante(s)
CENTER: 039; MEAL: 2631; UID: 039_2631 - CONCLUIDO; 44 restante(s)
CENTER: 153; MEAL: 2631; UID: 153_2631 - CONCLUIDO; 43 restante(s)
CENTER: 017; MEAL: 2304; UID: 017_2304 - CONCLUIDO; 42 restante(s)
CENTER: 174; MEAL: 2126; UID: 174_2126 - CONCLUIDO; 41 restante(s)
CENTER: 157; MEAL: 1778; UID: 157_1778 - CONCLUIDO; 40 restante(s)
CENTER: 024; MEAL: 1902; UID: 024_1902 - CONCLUIDO; 39 restante(s)
CENTER: 093; MEAL: 2126; UID: 093_2126 - CONCLUIDO; 38 restante(s)
CENTER: 089; MEAL: 2867; UID: 089_2867 - CONCLUIDO; 37 restante(s)
CENTER: 052; MEAL: 1247; UID: 052_1247 - CONCLUIDO; 36 restante(s)
CENTER: 102; MEAL: 1962; UID: 102_1962 - CONCLUIDO; 35 restante(s)
CENTER: 061; MEAL: 1248; UID: 061_1248 - CONCLUIDO; 34 restante(s)
CENTER: 088; MEAL: 1543; UID: 088_1543 - CONCLUIDO; 33 restante(s)
CENTER: 109; MEAL: 2581; UID: 109_2581 - CONCLUIDO; 32 restante(s)
CENTER: 039; MEAL: 2640; UID: 039_2640 - CONCLUIDO; 31 restante(s)
CENTER: 010; MEAL: 1902; UID: 010_1902 - CONCLUIDO; 30 restante(s)
CENTER: 055; MEAL: 2707; UID: 055_2707 - CONCLUIDO; 29 restante(s)
CENTER: 030; MEAL: 1778; UID: 030_1778 - CONCLUIDO; 28 restante(s)
CENTER: 094; MEAL: 2707; UID: 094_2707 - CONCLUIDO; 27 restante(s)
CENTER: 050; MEAL: 1778; UID: 050_1778 - CONCLUIDO; 26 restante(s)
CENTER: 102; MEAL: 2290; UID: 102_2290 - CONCLUIDO; 25 restante(s)
CENTER: 149; MEAL: 1885; UID: 149_1885 - CONCLUIDO; 24 restante(s)
CENTER: 104; MEAL: 2290; UID: 104_2290 - CONCLUIDO; 23 restante(s)
CENTER: 061; MEAL: 2492; UID: 061_2492 - CONCLUIDO; 22 restante(s)
CENTER: 032; MEAL: 2826; UID: 032_2826 - CONCLUIDO; 21 restante(s)
CENTER: 124; MEAL: 2704; UID: 124_2704 - CONCLUIDO; 20 restante(s)
CENTER: 036; MEAL: 1525; UID: 036_1525 - CONCLUIDO; 19 restante(s)
CENTER: 104; MEAL: 2304; UID: 104_2304 - CONCLUIDO; 18 restante(s)
CENTER: 149; MEAL: 1727; UID: 149_1727 - CONCLUIDO; 17 restante(s)
CENTER: 074; MEAL: 1993; UID: 074_1993 - CONCLUIDO; 16 restante(s)
CENTER: 099; MEAL: 2631; UID: 099_2631 - CONCLUIDO; 15 restante(s)
CENTER: 101; MEAL: 1525; UID: 101_1525 - CONCLUIDO; 14 restante(s)
CENTER: 113; MEAL: 1216; UID: 113_1216 - CONCLUIDO; 13 restante(s)
CENTER: 042; MEAL: 2444; UID: 042_2444 - CONCLUIDO; 12 restante(s)
CENTER: 106; MEAL: 2577; UID: 106_2577 - CONCLUIDO; 11 restante(s)
CENTER: 061; MEAL: 1971; UID: 061_1971 - CONCLUIDO; 10 restante(s)
CENTER: 101; MEAL: 2494; UID: 101_2494 - CONCLUIDO; 9 restante(s)
CENTER: 064; MEAL: 2707; UID: 064_2707 - CONCLUIDO; 8 restante(s)
CENTER: 097; MEAL: 1216; UID: 097_1216 - CONCLUIDO; 7 restante(s)
CENTER: 066; MEAL: 2704; UID: 066_2704 - CONCLUIDO; 6 restante(s)
CENTER: 126; MEAL: 1558; UID: 126_1558 - CONCLUIDO; 5 restante(s)
CENTER: 059; MEAL: 2322; UID: 059_2322 - CONCLUIDO; 4 restante(s)
CENTER: 108; MEAL: 2494; UID: 108_2494 - CONCLUIDO; 3 restante(s)
CENTER: 066; MEAL: 2290; UID: 066_2290 - CONCLUIDO; 2 restante(s)
CENTER: 026; MEAL: 1062; UID: 026_1062 - CONCLUIDO; 1 restante(s)
CENTER: 099; MEAL: 1993; UID: 099_1993 - CONCLUIDO; 0 restante(s)

Tempo total: 2 hours, 8 minutes and 24.92 seconds

####################################################################################################
                                             FINALIZADO
####################################################################################################

[06/13/24 12:46:58] INFO     Saving data to models_results (LazyPolarsDataset)...                                                                 data_catalog.py:525
                    INFO     Completed 3 out of 3 tasks                                                                                       sequential_runner.py:90
                    INFO     Pipeline execution completed successfully.                                                                                 runner.py:119